Using pre-set license
Built from '2020.3/staging' branch; Version is '2020.3.29f1 (2ff179115da0) revision 3142009'; Using compiler version '192528614'; Build Type 'Release'
OS: 'Windows 11  (10.0.22000) 64bit Core' Language: 'de' Physical Memory: 16291 MB
BatchMode: 1, IsHumanControllingUs: 0, StartBugReporterOnCrash: 0, Is64bit: 1, IsPro: 0

COMMAND LINE ARGUMENTS:
C:\Program Files\Unity\Hub\Editor\2020.3.29f1\Editor\Unity.exe
-adb2
-batchMode
-noUpm
-name
AssetImportWorker0
-projectPath
C:/Spiele/Casual Fluffies/Casual-Fluffies
-logFile
Logs/AssetImportWorker0.log
-srvPort
61993
Successfully changed project path to: C:/Spiele/Casual Fluffies/Casual-Fluffies
C:/Spiele/Casual Fluffies/Casual-Fluffies
Using Asset Import Pipeline V2.
Refreshing native plugins compatible for Editor in 56.28 ms, found 2 plugins.
Preloading 0 native plugins for Editor in 0.00 ms.
Initialize engine version: 2020.3.29f1 (2ff179115da0)
[Subsystems] Discovering subsystems at path C:/Program Files/Unity/Hub/Editor/2020.3.29f1/Editor/Data/Resources/UnitySubsystems
[Subsystems] Discovering subsystems at path C:/Spiele/Casual Fluffies/Casual-Fluffies/Assets
GfxDevice: creating device client; threaded=0
Direct3D:
    Version:  Direct3D 11.0 [level 11.1]
    Renderer: NVIDIA GeForce GTX 1660 Ti (ID=0x2191)
    Vendor:   
    VRAM:     5991 MB
    Driver:   27.21.14.5749
Initialize mono
Mono path[0] = 'C:/Program Files/Unity/Hub/Editor/2020.3.29f1/Editor/Data/Managed'
Mono path[1] = 'C:/Program Files/Unity/Hub/Editor/2020.3.29f1/Editor/Data/MonoBleedingEdge/lib/mono/unityjit'
Mono config path = 'C:/Program Files/Unity/Hub/Editor/2020.3.29f1/Editor/Data/MonoBleedingEdge/etc'
Using monoOptions --debugger-agent=transport=dt_socket,embedding=1,server=y,suspend=n,address=127.0.0.1:56256
Begin MonoManager ReloadAssembly
Registering precompiled unity dll's ...
Register platform support module: C:/Program Files/Unity/Hub/Editor/2020.3.29f1/Editor/Data/PlaybackEngines/WebGLSupport/UnityEditor.WebGL.Extensions.dll
Register platform support module: C:/Program Files/Unity/Hub/Editor/2020.3.29f1/Editor/Data/PlaybackEngines/WindowsStandaloneSupport/UnityEditor.WindowsStandalone.Extensions.dll
Registered in 0.001654 seconds.
Native extension for WindowsStandalone target not found
Native extension for WebGL target not found
Refreshing native plugins compatible for Editor in 44.55 ms, found 2 plugins.
Preloading 0 native plugins for Editor in 0.00 ms.
Mono: successfully reloaded assembly
- Completed reload, in  0.531 seconds
Domain Reload Profiling:
	ReloadAssembly (531ms)
		BeginReloadAssembly (53ms)
			ExecutionOrderSort (0ms)
			DisableScriptedObjects (0ms)
			BackupInstance (0ms)
			ReleaseScriptingObjects (0ms)
			CreateAndSetChildDomain (1ms)
		EndReloadAssembly (414ms)
			LoadAssemblies (52ms)
			RebuildTransferFunctionScriptingTraits (0ms)
			SetupTypeCache (135ms)
			ReleaseScriptCaches (0ms)
			RebuildScriptCaches (27ms)
			SetupLoadedEditorAssemblies (160ms)
				LogAssemblyErrors (0ms)
				InitializePlatformSupportModulesInManaged (4ms)
				SetLoadedEditorAssemblies (0ms)
				RefreshPlugins (45ms)
				BeforeProcessingInitializeOnLoad (15ms)
				ProcessInitializeOnLoadAttributes (70ms)
				ProcessInitializeOnLoadMethodAttributes (25ms)
				AfterProcessingInitializeOnLoad (0ms)
				EditorAssembliesLoaded (0ms)
			ExecutionOrderSort2 (0ms)
			AwakeInstancesAfterBackupRestoration (0ms)
Platform modules already initialized, skipping
Registering precompiled user dll's ...
Registered in 0.003361 seconds.
Begin MonoManager ReloadAssembly
Native extension for WindowsStandalone target not found
Native extension for WebGL target not found
Refreshing native plugins compatible for Editor in 0.62 ms, found 2 plugins.
Preloading 0 native plugins for Editor in 0.00 ms.
Mono: successfully reloaded assembly
- Completed reload, in  0.992 seconds
Domain Reload Profiling:
	ReloadAssembly (992ms)
		BeginReloadAssembly (130ms)
			ExecutionOrderSort (0ms)
			DisableScriptedObjects (4ms)
			BackupInstance (0ms)
			ReleaseScriptingObjects (0ms)
			CreateAndSetChildDomain (16ms)
		EndReloadAssembly (810ms)
			LoadAssemblies (87ms)
			RebuildTransferFunctionScriptingTraits (0ms)
			SetupTypeCache (252ms)
			ReleaseScriptCaches (0ms)
			RebuildScriptCaches (42ms)
			SetupLoadedEditorAssemblies (350ms)
				LogAssemblyErrors (0ms)
				InitializePlatformSupportModulesInManaged (7ms)
				SetLoadedEditorAssemblies (0ms)
				RefreshPlugins (1ms)
				BeforeProcessingInitializeOnLoad (84ms)
				ProcessInitializeOnLoadAttributes (213ms)
				ProcessInitializeOnLoadMethodAttributes (40ms)
				AfterProcessingInitializeOnLoad (4ms)
				EditorAssembliesLoaded (0ms)
			ExecutionOrderSort2 (0ms)
			AwakeInstancesAfterBackupRestoration (6ms)
Platform modules already initialized, skipping
========================================================================
Worker process is ready to serve import requests
Launched and connected shader compiler UnityShaderCompiler.exe after 0.04 seconds
Refreshing native plugins compatible for Editor in 0.57 ms, found 2 plugins.
Preloading 0 native plugins for Editor in 0.00 ms.
Unloading 2185 Unused Serialized files (Serialized files now loaded: 0)
System memory in use before: 86.6 MB.
System memory in use after: 86.7 MB.

Unloading 55 unused Assets to reduce memory usage. Loaded Objects now: 2592.
Total: 5.263300 ms (FindLiveObjects: 0.153600 ms CreateObjectMapping: 0.100800 ms MarkObjects: 4.936100 ms  DeleteObjects: 0.071600 ms)

AssetImportParameters requested are different than current active one (requested -> active):
  custom:framework-win-MediaFoundation: 216162199b28c13a410421893ffa2e32 -> 
  custom:video-decoder-ogg-theora: a1e56fd34408186e4bbccfd4996cb3dc -> 
  custom:container-muxer-webm: aa71ff27fc2769a1b78a27578f13a17b -> 
  custom:container-demuxer-webm: 4f35f7cbe854078d1ac9338744f61a02 -> 
  custom:container-demuxer-ogg: 62fdf1f143b41e24485cea50d1cbac27 -> 
  custom:video-encoder-webm-vp8: eb34c28f22e8b96e1ab97ce403110664 -> 
  custom:video-codec-MediaFoundation-h265: 746d11721c4dcdbdad8f713fa42b33f4 -> 
  custom:video-decoder-webm-vp8: 9c59270c3fd7afecdb556c50c9e8de78 -> 
  custom:audio-decoder-ogg-vorbis: bf7c407c2cedff20999df2af8eb42d56 -> 
  custom:audio-encoder-webm-vorbis: bf7c407c2cedff20999df2af8eb42d56 -> 
========================================================================
Received Import Request.
  path: Assets/Resources/Plant.prefab
  artifactKey: Guid(b84cb92716107ff46b4d1b3a6cdefaa7) Importer(815301076,1909f56bfc062723c751e8b465ee728b)
Start importing Assets/Resources/Plant.prefab using Guid(b84cb92716107ff46b4d1b3a6cdefaa7) Importer(815301076,1909f56bfc062723c751e8b465ee728b)  -> (artifact id: '75e15eb61da5dd6f87a0149b17cab366') in 0.057007 seconds 
  Import took 0.060012 seconds .

========================================================================
Received Import Request.
  Time since last request: 0.000163 seconds.
  path: Assets/Resources/Items/Red Ball.prefab
  artifactKey: Guid(a899855eb5a3ffb44ba6b4741349e23d) Importer(815301076,1909f56bfc062723c751e8b465ee728b)
Start importing Assets/Resources/Items/Red Ball.prefab using Guid(a899855eb5a3ffb44ba6b4741349e23d) Importer(815301076,1909f56bfc062723c751e8b465ee728b)  -> (artifact id: '789308a783565a14bdfed6761f317cef') in 0.079231 seconds 
  Import took 0.081881 seconds .

========================================================================
Received Import Request.
  Time since last request: 0.000160 seconds.
  path: Assets/Resources/Machine Tiles/Prefabs/Gates/NOT Gate.prefab
  artifactKey: Guid(d223fbe836713ba4b92d0bf46095dcef) Importer(815301076,1909f56bfc062723c751e8b465ee728b)
Start importing Assets/Resources/Machine Tiles/Prefabs/Gates/NOT Gate.prefab using Guid(d223fbe836713ba4b92d0bf46095dcef) Importer(815301076,1909f56bfc062723c751e8b465ee728b)  -> (artifact id: '27c41f4be567d4e20f8cad90ca65846d') in 0.025215 seconds 
  Import took 0.027880 seconds .

========================================================================
Received Import Request.
  Time since last request: 0.000205 seconds.
  path: Assets/Resources/Spawn Button.prefab
  artifactKey: Guid(add20db17a7ca2d4d9048f5d03aec73f) Importer(815301076,1909f56bfc062723c751e8b465ee728b)
Start importing Assets/Resources/Spawn Button.prefab using Guid(add20db17a7ca2d4d9048f5d03aec73f) Importer(815301076,1909f56bfc062723c751e8b465ee728b)  -> (artifact id: '74a2a3d0aab3184ef8c13db9529292c7') in 0.034948 seconds 
  Import took 0.037618 seconds .

========================================================================
Received Import Request.
  Time since last request: 0.000167 seconds.
  path: Assets/Resources/Items/Polkadot Bowl.prefab
  artifactKey: Guid(45984e6d8f75ba147866fd73500dc39f) Importer(815301076,1909f56bfc062723c751e8b465ee728b)
Start importing Assets/Resources/Items/Polkadot Bowl.prefab using Guid(45984e6d8f75ba147866fd73500dc39f) Importer(815301076,1909f56bfc062723c751e8b465ee728b)  -> (artifact id: '16c613a60694cecf9ae132788e5ee8d3') in 0.035211 seconds 
  Import took 0.038372 seconds .

========================================================================
Received Import Request.
  Time since last request: 0.000287 seconds.
  path: Assets/Resources/Message.prefab
  artifactKey: Guid(481cc386f46b93349b8be44a08409a70) Importer(815301076,1909f56bfc062723c751e8b465ee728b)
Start importing Assets/Resources/Message.prefab using Guid(481cc386f46b93349b8be44a08409a70) Importer(815301076,1909f56bfc062723c751e8b465ee728b)  -> (artifact id: '9c48b76f1cc34e9d2536646d0cdf99fe') in 0.036171 seconds 
  Import took 0.039038 seconds .

========================================================================
Received Import Request.
  Time since last request: 0.000220 seconds.
  path: Assets/Tiles/New Palette.prefab
  artifactKey: Guid(359f94a7a8233ae46a073f58884bf10a) Importer(815301076,1909f56bfc062723c751e8b465ee728b)
Start importing Assets/Tiles/New Palette.prefab using Guid(359f94a7a8233ae46a073f58884bf10a) Importer(815301076,1909f56bfc062723c751e8b465ee728b)  -> (artifact id: 'a6863d79c5e1a217d7a96852c2d21cdc') in 0.114337 seconds 
  Import took 0.117394 seconds .

========================================================================
Received Import Request.
  Time since last request: 0.000173 seconds.
  path: Assets/Resources/Build Particle.prefab
  artifactKey: Guid(c445d299cb90da446a9e9bff470725a0) Importer(815301076,1909f56bfc062723c751e8b465ee728b)
Start importing Assets/Resources/Build Particle.prefab using Guid(c445d299cb90da446a9e9bff470725a0) Importer(815301076,1909f56bfc062723c751e8b465ee728b)  -> (artifact id: 'daf5044bc272ad424d8305a44c9a9417') in 0.032215 seconds 
  Import took 0.034944 seconds .

========================================================================
Received Import Request.
  Time since last request: 0.000170 seconds.
  path: Assets/Resources/Machine Tiles/Prefabs/Connection Line.prefab
  artifactKey: Guid(2911581913f77ff418c1b49f66802725) Importer(815301076,1909f56bfc062723c751e8b465ee728b)
Start importing Assets/Resources/Machine Tiles/Prefabs/Connection Line.prefab using Guid(2911581913f77ff418c1b49f66802725) Importer(815301076,1909f56bfc062723c751e8b465ee728b)  -> (artifact id: '8f9728a5eb87e7e9e1f44047be1f124e') in 0.030023 seconds 
  Import took 0.032694 seconds .

========================================================================
Received Import Request.
  Time since last request: 0.000186 seconds.
  path: Assets/Resources/Poop.prefab
  artifactKey: Guid(a3abc369320e8f6439cad289fc3e25f9) Importer(815301076,1909f56bfc062723c751e8b465ee728b)
Start importing Assets/Resources/Poop.prefab using Guid(a3abc369320e8f6439cad289fc3e25f9) Importer(815301076,1909f56bfc062723c751e8b465ee728b)  -> (artifact id: '526027863051474d6e19e5d21ed1967b') in 0.030830 seconds 
  Import took 0.033645 seconds .

========================================================================
Received Import Request.
  Time since last request: 0.000215 seconds.
  path: Assets/Resources/Machine Tiles/Prefabs/Gates/NOR Gate.prefab
  artifactKey: Guid(0af35b1194e5705428e2ae6941fcc407) Importer(815301076,1909f56bfc062723c751e8b465ee728b)
Start importing Assets/Resources/Machine Tiles/Prefabs/Gates/NOR Gate.prefab using Guid(0af35b1194e5705428e2ae6941fcc407) Importer(815301076,1909f56bfc062723c751e8b465ee728b)  -> (artifact id: 'e99366b73f551b19711967703157e01a') in 0.026670 seconds 
  Import took 0.029778 seconds .

========================================================================
Received Import Request.
  Time since last request: 0.000219 seconds.
  path: Assets/Resources/Blood.prefab
  artifactKey: Guid(4f2da38ade178f94eb67dd1f3ef275ab) Importer(815301076,1909f56bfc062723c751e8b465ee728b)
Start importing Assets/Resources/Blood.prefab using Guid(4f2da38ade178f94eb67dd1f3ef275ab) Importer(815301076,1909f56bfc062723c751e8b465ee728b)  -> (artifact id: 'd6cb43667d72073d27be087bb4af5076') in 0.053963 seconds 
  Import took 0.056761 seconds .

========================================================================
Received Import Request.
  Time since last request: 0.000178 seconds.
  path: Assets/Resources/Machine Tiles/Prefabs/Fluffy Sensor.prefab
  artifactKey: Guid(60f9b0a80ae56e940a72d799208092ce) Importer(815301076,1909f56bfc062723c751e8b465ee728b)
Start importing Assets/Resources/Machine Tiles/Prefabs/Fluffy Sensor.prefab using Guid(60f9b0a80ae56e940a72d799208092ce) Importer(815301076,1909f56bfc062723c751e8b465ee728b)  -> (artifact id: '42ddde9c47d2c15aa2ce5c5817c5426b') in 0.024717 seconds 
  Import took 0.027447 seconds .

========================================================================
Received Import Request.
  Time since last request: 0.000211 seconds.
  path: Packages/com.unity.analytics/DataPrivacy/DataPrivacyButton.prefab
  artifactKey: Guid(71b11355001648444b41d17fd36c150d) Importer(815301076,1909f56bfc062723c751e8b465ee728b)
Start importing Packages/com.unity.analytics/DataPrivacy/DataPrivacyButton.prefab using Guid(71b11355001648444b41d17fd36c150d) Importer(815301076,1909f56bfc062723c751e8b465ee728b)  -> (artifact id: '29afed4e068a0e8b5a16db570a537112') in 0.033471 seconds 
  Import took 0.036129 seconds .

========================================================================
Received Import Request.
  Time since last request: 0.000201 seconds.
  path: Assets/Resources/Items/Striped Bowl.prefab
  artifactKey: Guid(7e8a40dbfbbab794a8ac4b898f3e1e3d) Importer(815301076,1909f56bfc062723c751e8b465ee728b)
Start importing Assets/Resources/Items/Striped Bowl.prefab using Guid(7e8a40dbfbbab794a8ac4b898f3e1e3d) Importer(815301076,1909f56bfc062723c751e8b465ee728b)  -> (artifact id: 'dd4b22d48bbcf3a9f9fd8afc81d4c4f6') in 0.029343 seconds 
  Import took 0.032031 seconds .

========================================================================
Received Import Request.
  Time since last request: 0.000239 seconds.
  path: Assets/Resources/Heart Particle.prefab
  artifactKey: Guid(de6f62198f664574bb3ef7416b3cfd45) Importer(815301076,1909f56bfc062723c751e8b465ee728b)
Start importing Assets/Resources/Heart Particle.prefab using Guid(de6f62198f664574bb3ef7416b3cfd45) Importer(815301076,1909f56bfc062723c751e8b465ee728b)  -> (artifact id: '23ec76d0a4d88b3a3135a4ec5195f962') in 0.032114 seconds 
  Import took 0.034949 seconds .

========================================================================
Received Import Request.
  Time since last request: 0.000183 seconds.
  path: Assets/Resources/Items/Food Trough.prefab
  artifactKey: Guid(2ad9e130dc8116048aead80101eb24e4) Importer(815301076,1909f56bfc062723c751e8b465ee728b)
Start importing Assets/Resources/Items/Food Trough.prefab using Guid(2ad9e130dc8116048aead80101eb24e4) Importer(815301076,1909f56bfc062723c751e8b465ee728b)  -> (artifact id: 'c14603042e03c5301f98d8fae224841c') in 0.047465 seconds 
  Import took 0.050952 seconds .

========================================================================
Received Import Request.
  Time since last request: 0.000252 seconds.
  path: Assets/Resources/Machine Tiles/Prefabs/Button.prefab
  artifactKey: Guid(fb72580ad6c62344e967e8b589758b70) Importer(815301076,1909f56bfc062723c751e8b465ee728b)
Start importing Assets/Resources/Machine Tiles/Prefabs/Button.prefab using Guid(fb72580ad6c62344e967e8b589758b70) Importer(815301076,1909f56bfc062723c751e8b465ee728b)  -> (artifact id: '4b94e7a47017182926215b3cd68e5957') in 0.023932 seconds 
  Import took 0.027450 seconds .

========================================================================
Received Import Request.
  Time since last request: 0.000202 seconds.
  path: Assets/Resources/Machine Tiles/Prefabs/Fan.prefab
  artifactKey: Guid(e6f2f67c67eb36e419675cdebfc7a6d3) Importer(815301076,1909f56bfc062723c751e8b465ee728b)
Start importing Assets/Resources/Machine Tiles/Prefabs/Fan.prefab using Guid(e6f2f67c67eb36e419675cdebfc7a6d3) Importer(815301076,1909f56bfc062723c751e8b465ee728b)  -> (artifact id: '63c7417cec3d4186d0d28b783f18648b') in 0.024975 seconds 
  Import took 0.027990 seconds .

========================================================================
Received Import Request.
  Time since last request: 0.000181 seconds.
  path: Assets/Resources/Audio.prefab
  artifactKey: Guid(586709ab24bca474887df1b4fa054a77) Importer(815301076,1909f56bfc062723c751e8b465ee728b)
Start importing Assets/Resources/Audio.prefab using Guid(586709ab24bca474887df1b4fa054a77) Importer(815301076,1909f56bfc062723c751e8b465ee728b)  -> (artifact id: 'adbfda2e90f381521172aa10d7993252') in 0.026703 seconds 
  Import took 0.030210 seconds .

========================================================================
Received Import Request.
  Time since last request: 0.000211 seconds.
  path: Assets/Resources/Items/Heart Ball.prefab
  artifactKey: Guid(041dbea3ca1d20645a0801a3f2ae39b6) Importer(815301076,1909f56bfc062723c751e8b465ee728b)
Start importing Assets/Resources/Items/Heart Ball.prefab using Guid(041dbea3ca1d20645a0801a3f2ae39b6) Importer(815301076,1909f56bfc062723c751e8b465ee728b)  -> (artifact id: '4e5387d74d586a2245aaf513c99a2c36') in 0.031321 seconds 
  Import took 0.034898 seconds .

========================================================================
Received Import Request.
  Time since last request: 0.000280 seconds.
  path: Assets/Resources/Corpse.prefab
  artifactKey: Guid(f6e7638aa8613ef43bee83882bfa0a53) Importer(815301076,1909f56bfc062723c751e8b465ee728b)
Start importing Assets/Resources/Corpse.prefab using Guid(f6e7638aa8613ef43bee83882bfa0a53) Importer(815301076,1909f56bfc062723c751e8b465ee728b)  -> (artifact id: 'a49f185ea91626d831fd81444ee32350') in 0.038917 seconds 
  Import took 0.042140 seconds .

========================================================================
Received Import Request.
  Time since last request: 0.000248 seconds.
  path: Assets/Resources/Machine Tiles/Prefabs/Gates/NAND Gate.prefab
  artifactKey: Guid(ab2d4deca9d018c458d437cf92a19890) Importer(815301076,1909f56bfc062723c751e8b465ee728b)
Start importing Assets/Resources/Machine Tiles/Prefabs/Gates/NAND Gate.prefab using Guid(ab2d4deca9d018c458d437cf92a19890) Importer(815301076,1909f56bfc062723c751e8b465ee728b)  -> (artifact id: '6980626904c970fc8c026641b9591094') in 0.026474 seconds 
  Import took 0.029725 seconds .

========================================================================
Received Import Request.
  Time since last request: 0.000168 seconds.
  path: Assets/Resources/Fluffy.prefab
  artifactKey: Guid(aa75eef6998dc05408e84ee062e2e013) Importer(815301076,1909f56bfc062723c751e8b465ee728b)
Start importing Assets/Resources/Fluffy.prefab using Guid(aa75eef6998dc05408e84ee062e2e013) Importer(815301076,1909f56bfc062723c751e8b465ee728b)  -> (artifact id: '6f8f2d522668c9e31cc3f4e2935f5626') in 0.048327 seconds 
  Import took 0.052216 seconds .

========================================================================
Received Import Request.
  Time since last request: 0.000169 seconds.
  path: Assets/Resources/Items/Blue Ball.prefab
  artifactKey: Guid(150fddfef70c7a943a452a09b8302f68) Importer(815301076,1909f56bfc062723c751e8b465ee728b)
Start importing Assets/Resources/Items/Blue Ball.prefab using Guid(150fddfef70c7a943a452a09b8302f68) Importer(815301076,1909f56bfc062723c751e8b465ee728b)  -> (artifact id: '54a024e64ad1aa2dec43638698fe2f05') in 0.031057 seconds 
  Import took 0.034230 seconds .

========================================================================
Received Import Request.
  Time since last request: 0.000183 seconds.
  path: Assets/Resources/Items/Carolina Reaper.prefab
  artifactKey: Guid(64884dc2a13f7cd4e860bd3fdef8def4) Importer(815301076,1909f56bfc062723c751e8b465ee728b)
Start importing Assets/Resources/Items/Carolina Reaper.prefab using Guid(64884dc2a13f7cd4e860bd3fdef8def4) Importer(815301076,1909f56bfc062723c751e8b465ee728b)  -> (artifact id: '40ca53b1349eadeea62720744b1a034d') in 0.047628 seconds 
  Import took 0.050666 seconds .

========================================================================
Received Import Request.
  Time since last request: 0.000191 seconds.
  path: Assets/Resources/Machine Tiles/Prefabs/Switch.prefab
  artifactKey: Guid(fb61951154d03e340b2bf26181d96e5b) Importer(815301076,1909f56bfc062723c751e8b465ee728b)
Start importing Assets/Resources/Machine Tiles/Prefabs/Switch.prefab using Guid(fb61951154d03e340b2bf26181d96e5b) Importer(815301076,1909f56bfc062723c751e8b465ee728b)  -> (artifact id: '733fe4cf2b749316b3178a809004b95c') in 0.024383 seconds 
  Import took 0.027791 seconds .

========================================================================
Received Import Request.
  Time since last request: 0.000172 seconds.
  path: Assets/Resources/Machine Tiles/Prefabs/Gates/XOR Gate.prefab
  artifactKey: Guid(72efe48bc847ee34ab1f19634b3c4011) Importer(815301076,1909f56bfc062723c751e8b465ee728b)
Start importing Assets/Resources/Machine Tiles/Prefabs/Gates/XOR Gate.prefab using Guid(72efe48bc847ee34ab1f19634b3c4011) Importer(815301076,1909f56bfc062723c751e8b465ee728b)  -> (artifact id: '6faea8184efb8821415fbeb7caeca85f') in 0.023540 seconds 
  Import took 0.026396 seconds .

========================================================================
Received Import Request.
  Time since last request: 0.000171 seconds.
  path: Assets/Resources/Machine Tiles/Prefabs/Door.prefab
  artifactKey: Guid(d98a3c92317bdbb4b9793fe3bd88c2f3) Importer(815301076,1909f56bfc062723c751e8b465ee728b)
Start importing Assets/Resources/Machine Tiles/Prefabs/Door.prefab using Guid(d98a3c92317bdbb4b9793fe3bd88c2f3) Importer(815301076,1909f56bfc062723c751e8b465ee728b)  -> (artifact id: 'f500ad1fddaba7e5a57578527adb58f0') in 0.032665 seconds 
  Import took 0.035340 seconds .

========================================================================
Received Import Request.
  Time since last request: 0.000168 seconds.
  path: Assets/Resources/Items/Metal Bowl.prefab
  artifactKey: Guid(4a5d169ec8a8d0e4d9b2019d37db83c2) Importer(815301076,1909f56bfc062723c751e8b465ee728b)
Start importing Assets/Resources/Items/Metal Bowl.prefab using Guid(4a5d169ec8a8d0e4d9b2019d37db83c2) Importer(815301076,1909f56bfc062723c751e8b465ee728b)  -> (artifact id: '8db02c3bbbec4a6e28178f859c391734') in 0.029560 seconds 
  Import took 0.032485 seconds .

========================================================================
Received Import Request.
  Time since last request: 0.000168 seconds.
  path: Assets/Fluffy Walk Cycle/entity_000.prefab
  artifactKey: Guid(5b93b2d366c541447a37946e6bad1e7f) Importer(815301076,1909f56bfc062723c751e8b465ee728b)
Start importing Assets/Fluffy Walk Cycle/entity_000.prefab using Guid(5b93b2d366c541447a37946e6bad1e7f) Importer(815301076,1909f56bfc062723c751e8b465ee728b)  -> (artifact id: 'f669ed388539b263ecd6965afde62270') in 0.036761 seconds 
  Import took 0.040248 seconds .

========================================================================
Received Import Request.
  Time since last request: 0.000162 seconds.
  path: Assets/Resources/Items/Heart Bowl.prefab
  artifactKey: Guid(4af0b117e699c624bb2ba5cbf8750f49) Importer(815301076,1909f56bfc062723c751e8b465ee728b)
Start importing Assets/Resources/Items/Heart Bowl.prefab using Guid(4af0b117e699c624bb2ba5cbf8750f49) Importer(815301076,1909f56bfc062723c751e8b465ee728b)  -> (artifact id: 'db4d16f427e480268aad93809ecc6418') in 0.028622 seconds 
  Import took 0.031670 seconds .

========================================================================
Received Import Request.
  Time since last request: 0.000194 seconds.
  path: Assets/Resources/Poop Particle.prefab
  artifactKey: Guid(0361920f2389f594da7dea5726d6d53c) Importer(815301076,1909f56bfc062723c751e8b465ee728b)
Start importing Assets/Resources/Poop Particle.prefab using Guid(0361920f2389f594da7dea5726d6d53c) Importer(815301076,1909f56bfc062723c751e8b465ee728b)  -> (artifact id: 'dbaa5b68f5f449cecbaa4a380de1e99d') in 0.030731 seconds 
  Import took 0.033826 seconds .

========================================================================
Received Import Request.
  Time since last request: 0.000227 seconds.
  path: Assets/Resources/Machine Tiles/Prefabs/Gates/OR Gate.prefab
  artifactKey: Guid(f340aaa39ed85404c92bcd29aae62539) Importer(815301076,1909f56bfc062723c751e8b465ee728b)
Start importing Assets/Resources/Machine Tiles/Prefabs/Gates/OR Gate.prefab using Guid(f340aaa39ed85404c92bcd29aae62539) Importer(815301076,1909f56bfc062723c751e8b465ee728b)  -> (artifact id: '6d2f965538a4d62692505e67764e81bd') in 0.024554 seconds 
  Import took 0.027671 seconds .

========================================================================
Received Import Request.
  Time since last request: 0.000204 seconds.
  path: Assets/Resources/Machine Tiles/Prefabs/Gates/Buffer Gate.prefab
  artifactKey: Guid(e778cbfce5f60874cae9e6f573e1e266) Importer(815301076,1909f56bfc062723c751e8b465ee728b)
Start importing Assets/Resources/Machine Tiles/Prefabs/Gates/Buffer Gate.prefab using Guid(e778cbfce5f60874cae9e6f573e1e266) Importer(815301076,1909f56bfc062723c751e8b465ee728b)  -> (artifact id: '383d5c472e10c4fb2da30c7a20edc8a0') in 0.023589 seconds 
  Import took 0.026732 seconds .

========================================================================
Received Import Request.
  Time since last request: 0.000179 seconds.
  path: Assets/Resources/Items/Star Ball.prefab
  artifactKey: Guid(a6aac67f01a9b7f489d3f21c203c665c) Importer(815301076,1909f56bfc062723c751e8b465ee728b)
Start importing Assets/Resources/Items/Star Ball.prefab using Guid(a6aac67f01a9b7f489d3f21c203c665c) Importer(815301076,1909f56bfc062723c751e8b465ee728b)  -> (artifact id: '5c8bcbde1ec182bb249845e8334b6d9d') in 0.029076 seconds 
  Import took 0.031974 seconds .

========================================================================
Received Import Request.
  Time since last request: 0.000196 seconds.
  path: Assets/Resources/Vomit Particle.prefab
  artifactKey: Guid(8a04d0a4f0e03ba43ae3708b06e60109) Importer(815301076,1909f56bfc062723c751e8b465ee728b)
Start importing Assets/Resources/Vomit Particle.prefab using Guid(8a04d0a4f0e03ba43ae3708b06e60109) Importer(815301076,1909f56bfc062723c751e8b465ee728b)  -> (artifact id: 'ee59773d183d5a9b41ebd837f78551b0') in 0.048515 seconds 
  Import took 0.051537 seconds .

========================================================================
Received Import Request.
  Time since last request: 0.000229 seconds.
  path: Assets/Resources/Machine Tiles/Prefabs/Gates/AND Gate.prefab
  artifactKey: Guid(3abd3fe4479f81b41b01adc67831538b) Importer(815301076,1909f56bfc062723c751e8b465ee728b)
Start importing Assets/Resources/Machine Tiles/Prefabs/Gates/AND Gate.prefab using Guid(3abd3fe4479f81b41b01adc67831538b) Importer(815301076,1909f56bfc062723c751e8b465ee728b)  -> (artifact id: '902c8334b14247b811c72b34def648f6') in 0.026146 seconds 
  Import took 0.029042 seconds .

========================================================================
Received Import Request.
  Time since last request: 0.000180 seconds.
  path: Assets/Resources/Vomit.prefab
  artifactKey: Guid(afabd6d9e0f2d144b8e3169e5c854f2d) Importer(815301076,1909f56bfc062723c751e8b465ee728b)
Start importing Assets/Resources/Vomit.prefab using Guid(afabd6d9e0f2d144b8e3169e5c854f2d) Importer(815301076,1909f56bfc062723c751e8b465ee728b)  -> (artifact id: '83117cf62e3d03a35b38be746051a2cd') in 0.051183 seconds 
  Import took 0.054023 seconds .

========================================================================
Received Import Request.
  Time since last request: 0.000275 seconds.
  path: Assets/Resources/Items/Blue Bowl.prefab
  artifactKey: Guid(b008df3662f014747b716464678286c3) Importer(815301076,1909f56bfc062723c751e8b465ee728b)
Start importing Assets/Resources/Items/Blue Bowl.prefab using Guid(b008df3662f014747b716464678286c3) Importer(815301076,1909f56bfc062723c751e8b465ee728b)  -> (artifact id: 'e2d7aaec5eb18cf9f2c50f03b0226cab') in 0.031988 seconds 
  Import took 0.034802 seconds .

========================================================================
Received Import Request.
  Time since last request: 0.000188 seconds.
  path: Assets/Resources/Items/Striped Ball.prefab
  artifactKey: Guid(d179dfef72fa59745826349be8d82ea9) Importer(815301076,1909f56bfc062723c751e8b465ee728b)
Start importing Assets/Resources/Items/Striped Ball.prefab using Guid(d179dfef72fa59745826349be8d82ea9) Importer(815301076,1909f56bfc062723c751e8b465ee728b)  -> (artifact id: 'd3202920e58f29148170db6a98b8e68e') in 0.029099 seconds 
  Import took 0.032124 seconds .

========================================================================
Received Import Request.
  Time since last request: 0.000192 seconds.
  path: Assets/Resources/Items/Rainbow Ball.prefab
  artifactKey: Guid(6da6bdff35c31724dbd6b29ada255207) Importer(815301076,1909f56bfc062723c751e8b465ee728b)
Start importing Assets/Resources/Items/Rainbow Ball.prefab using Guid(6da6bdff35c31724dbd6b29ada255207) Importer(815301076,1909f56bfc062723c751e8b465ee728b)  -> (artifact id: '6327e92a22dd4c416c0a314e56dc25e7') in 0.030381 seconds 
  Import took 0.033446 seconds .

========================================================================
Received Import Request.
  Time since last request: 0.000209 seconds.
  path: Assets/Resources/Items/Red Bowl.prefab
  artifactKey: Guid(32093332abbeabf47a2191f9e17cf60f) Importer(815301076,1909f56bfc062723c751e8b465ee728b)
Start importing Assets/Resources/Items/Red Bowl.prefab using Guid(32093332abbeabf47a2191f9e17cf60f) Importer(815301076,1909f56bfc062723c751e8b465ee728b)  -> (artifact id: '9e602655ba347814c9363362cf5be3a1') in 0.029960 seconds 
  Import took 0.032918 seconds .

========================================================================
Received Import Request.
  Time since last request: 0.000196 seconds.
  path: Assets/Resources/Machine Tiles/Prefabs/Gates/XNOR Gate.prefab
  artifactKey: Guid(69232aa109fdc334e868a897983c1afa) Importer(815301076,1909f56bfc062723c751e8b465ee728b)
Start importing Assets/Resources/Machine Tiles/Prefabs/Gates/XNOR Gate.prefab using Guid(69232aa109fdc334e868a897983c1afa) Importer(815301076,1909f56bfc062723c751e8b465ee728b)  -> (artifact id: '77f4c95e2e111fb950d56b42e0d5df39') in 0.024896 seconds 
  Import took 0.028107 seconds .

========================================================================
Received Import Request.
  Time since last request: 0.000188 seconds.
  path: Packages/com.unity.xr.legacyinputhelpers/Prefabs/XRRig.prefab
  artifactKey: Guid(c116b7497ab8ca34c9188965d4295e27) Importer(815301076,1909f56bfc062723c751e8b465ee728b)
Start importing Packages/com.unity.xr.legacyinputhelpers/Prefabs/XRRig.prefab using Guid(c116b7497ab8ca34c9188965d4295e27) Importer(815301076,1909f56bfc062723c751e8b465ee728b)  -> (artifact id: '53e5402df3ba6997afeb4e074ac5eb80') in 0.027764 seconds 
  Import took 0.030576 seconds .

========================================================================
Received Import Request.
  Time since last request: 0.000237 seconds.
  path: Assets/Resources/Blood Particle.prefab
  artifactKey: Guid(69996d67a6dfd0340a0ef03c9b8927b8) Importer(815301076,1909f56bfc062723c751e8b465ee728b)
Start importing Assets/Resources/Blood Particle.prefab using Guid(69996d67a6dfd0340a0ef03c9b8927b8) Importer(815301076,1909f56bfc062723c751e8b465ee728b)  -> (artifact id: 'b8f174be19c4b685181079e5c7ed5f8a') in 0.051300 seconds 
  Import took 0.054335 seconds .

========================================================================
Received Import Request.
  Time since last request: 24.892251 seconds.
  path: Assets/Resources/Fluffy.prefab
  artifactKey: Guid(aa75eef6998dc05408e84ee062e2e013) Importer(815301076,1909f56bfc062723c751e8b465ee728b)
Start importing Assets/Resources/Fluffy.prefab using Guid(aa75eef6998dc05408e84ee062e2e013) Importer(815301076,1909f56bfc062723c751e8b465ee728b)  -> (artifact id: '9c623d746cca629937dac250c67f2101') in 0.043597 seconds 
  Import took 0.047798 seconds .

========================================================================
Received Prepare
Registering precompiled user dll's ...
Registered in 0.003145 seconds.
Begin MonoManager ReloadAssembly
Native extension for WindowsStandalone target not found
Native extension for WebGL target not found
Refreshing native plugins compatible for Editor in 0.62 ms, found 2 plugins.
Preloading 0 native plugins for Editor in 0.00 ms.
Mono: successfully reloaded assembly
- Completed reload, in  0.956 seconds
Domain Reload Profiling:
	ReloadAssembly (957ms)
		BeginReloadAssembly (102ms)
			ExecutionOrderSort (0ms)
			DisableScriptedObjects (5ms)
			BackupInstance (0ms)
			ReleaseScriptingObjects (0ms)
			CreateAndSetChildDomain (30ms)
		EndReloadAssembly (799ms)
			LoadAssemblies (85ms)
			RebuildTransferFunctionScriptingTraits (0ms)
			SetupTypeCache (267ms)
			ReleaseScriptCaches (1ms)
			RebuildScriptCaches (42ms)
			SetupLoadedEditorAssemblies (317ms)
				LogAssemblyErrors (0ms)
				InitializePlatformSupportModulesInManaged (5ms)
				SetLoadedEditorAssemblies (0ms)
				RefreshPlugins (1ms)
				BeforeProcessingInitializeOnLoad (81ms)
				ProcessInitializeOnLoadAttributes (191ms)
				ProcessInitializeOnLoadMethodAttributes (35ms)
				AfterProcessingInitializeOnLoad (4ms)
				EditorAssembliesLoaded (0ms)
			ExecutionOrderSort2 (0ms)
			AwakeInstancesAfterBackupRestoration (7ms)
Platform modules already initialized, skipping
Refreshing native plugins compatible for Editor in 0.60 ms, found 2 plugins.
Preloading 0 native plugins for Editor in 0.00 ms.
Unloading 2179 Unused Serialized files (Serialized files now loaded: 0)
System memory in use before: 89.8 MB.
System memory in use after: 90.0 MB.

Unloading 47 unused Assets to reduce memory usage. Loaded Objects now: 2603.
Total: 5.553900 ms (FindLiveObjects: 0.149100 ms CreateObjectMapping: 0.083700 ms MarkObjects: 5.285200 ms  DeleteObjects: 0.034500 ms)

AssetImportParameters requested are different than current active one (requested -> active):
  custom:framework-win-MediaFoundation: 216162199b28c13a410421893ffa2e32 -> 
  custom:video-decoder-ogg-theora: a1e56fd34408186e4bbccfd4996cb3dc -> 
  custom:container-muxer-webm: aa71ff27fc2769a1b78a27578f13a17b -> 
  custom:container-demuxer-webm: 4f35f7cbe854078d1ac9338744f61a02 -> 
  custom:container-demuxer-ogg: 62fdf1f143b41e24485cea50d1cbac27 -> 
  custom:video-encoder-webm-vp8: eb34c28f22e8b96e1ab97ce403110664 -> 
  custom:video-codec-MediaFoundation-h265: 746d11721c4dcdbdad8f713fa42b33f4 -> 
  custom:video-decoder-webm-vp8: 9c59270c3fd7afecdb556c50c9e8de78 -> 
  custom:audio-decoder-ogg-vorbis: bf7c407c2cedff20999df2af8eb42d56 -> 
  custom:audio-encoder-webm-vorbis: bf7c407c2cedff20999df2af8eb42d56 -> 
========================================================================
Received Import Request.
  Time since last request: 80.528912 seconds.
  path: Assets/Resources/build.wav
  artifactKey: Guid(cf5eb7ec217f4834d92c4a2127771e5c) Importer(815301076,1909f56bfc062723c751e8b465ee728b)
Start importing Assets/Resources/build.wav using Guid(cf5eb7ec217f4834d92c4a2127771e5c) Importer(815301076,1909f56bfc062723c751e8b465ee728b)  -> (artifact id: '135dd7d5ba1aa848ecf745f15f8cb3ab') in 0.127580 seconds 
  Import took 0.131219 seconds .

========================================================================
Received Import Request.
  Time since last request: 0.000237 seconds.
  path: Assets/Resources/frontleg.png
  artifactKey: Guid(d20f084d302db124995c39fd4becd5b6) Importer(815301076,1909f56bfc062723c751e8b465ee728b)
Start importing Assets/Resources/frontleg.png using Guid(d20f084d302db124995c39fd4becd5b6) Importer(815301076,1909f56bfc062723c751e8b465ee728b)  -> (artifact id: 'ff9c3e2d535e4cc9097a12584d43c1cd') in 0.071319 seconds 
  Import took 0.074354 seconds .

========================================================================
Received Import Request.
  Time since last request: 0.000210 seconds.
  path: Assets/Resources/missingeye.png
  artifactKey: Guid(af7fe4e1d5341524f99d291be5815519) Importer(815301076,1909f56bfc062723c751e8b465ee728b)
Start importing Assets/Resources/missingeye.png using Guid(af7fe4e1d5341524f99d291be5815519) Importer(815301076,1909f56bfc062723c751e8b465ee728b)  -> (artifact id: '2c64603164d29eb07c7e0cc85810cf96') in 0.059725 seconds 
  Import took 0.062676 seconds .

========================================================================
Received Import Request.
  Time since last request: 0.000195 seconds.
  path: Assets/Resources/face.png
  artifactKey: Guid(9e53c0827db9eb248ada3e11716dbdaa) Importer(815301076,1909f56bfc062723c751e8b465ee728b)
Start importing Assets/Resources/face.png using Guid(9e53c0827db9eb248ada3e11716dbdaa) Importer(815301076,1909f56bfc062723c751e8b465ee728b)  -> (artifact id: '875c37cd96ee0f896960f5a4d2cb83fa') in 0.091990 seconds 
  Import took 0.095084 seconds .

========================================================================
Received Import Request.
  Time since last request: 0.000173 seconds.
  path: Assets/Resources/deathmushrooms.asset
  artifactKey: Guid(ee86ef5f864fb1d4e8a5edd085b49297) Importer(815301076,1909f56bfc062723c751e8b465ee728b)
Start importing Assets/Resources/deathmushrooms.asset using Guid(ee86ef5f864fb1d4e8a5edd085b49297) Importer(815301076,1909f56bfc062723c751e8b465ee728b)  -> (artifact id: 'a6043173c2ef7eaa58c491d4c1511f7b') in 0.034451 seconds 
  Import took 0.037486 seconds .

========================================================================
Received Import Request.
  Time since last request: 0.000169 seconds.
  path: Assets/Resources/hurt.wav
  artifactKey: Guid(a9e9b091ae5d44342baa3de7bf829343) Importer(815301076,1909f56bfc062723c751e8b465ee728b)
Start importing Assets/Resources/hurt.wav using Guid(a9e9b091ae5d44342baa3de7bf829343) Importer(815301076,1909f56bfc062723c751e8b465ee728b)  -> (artifact id: 'e1a50c4725c84797607dcdc6ed4efc90') in 0.028576 seconds 
  Import took 0.032055 seconds .

========================================================================
Received Import Request.
  Time since last request: 0.000168 seconds.
  path: Assets/Resources/rain.png
  artifactKey: Guid(859728953fed1cc4c9c561173f9f5342) Importer(815301076,1909f56bfc062723c751e8b465ee728b)
Start importing Assets/Resources/rain.png using Guid(859728953fed1cc4c9c561173f9f5342) Importer(815301076,1909f56bfc062723c751e8b465ee728b)  -> (artifact id: 'b1d7a4431a6cf53665992441e7c12f06') in 0.056177 seconds 
  Import took 0.059117 seconds .

========================================================================
Received Import Request.
  Time since last request: 0.000209 seconds.
  path: Assets/Resources/poopsplatter.asset
  artifactKey: Guid(2a8d3590648e08941bf6cd9475ce93ca) Importer(815301076,1909f56bfc062723c751e8b465ee728b)
Start importing Assets/Resources/poopsplatter.asset using Guid(2a8d3590648e08941bf6cd9475ce93ca) Importer(815301076,1909f56bfc062723c751e8b465ee728b)  -> (artifact id: '508c0c8f9b6e9de5c8a936ceab7a442d') in 0.028024 seconds 
  Import took 0.030898 seconds .

========================================================================
Received Import Request.
  Time since last request: 0.000173 seconds.
  path: Assets/Resources/ow.wav
  artifactKey: Guid(de901d5a26a3a71458fe772a8351da07) Importer(815301076,1909f56bfc062723c751e8b465ee728b)
Start importing Assets/Resources/ow.wav using Guid(de901d5a26a3a71458fe772a8351da07) Importer(815301076,1909f56bfc062723c751e8b465ee728b)  -> (artifact id: '4baeb329ddb75c5f7a366988d60a3030') in 0.028004 seconds 
  Import took 0.030924 seconds .

========================================================================
Received Import Request.
  Time since last request: 0.000166 seconds.
  path: Assets/Resources/mane.png
  artifactKey: Guid(61d8e5ac2edaab24395096405f8cb950) Importer(815301076,1909f56bfc062723c751e8b465ee728b)
Start importing Assets/Resources/mane.png using Guid(61d8e5ac2edaab24395096405f8cb950) Importer(815301076,1909f56bfc062723c751e8b465ee728b)  -> (artifact id: 'd5322310eb27ae2a147f1e5c551b748c') in 0.041798 seconds 
  Import took 0.044865 seconds .

========================================================================
Received Import Request.
  Time since last request: 0.000183 seconds.
  path: Assets/Resources/hit.wav
  artifactKey: Guid(b3ede40eeab803b49ac51df8d876c3df) Importer(815301076,1909f56bfc062723c751e8b465ee728b)
Start importing Assets/Resources/hit.wav using Guid(b3ede40eeab803b49ac51df8d876c3df) Importer(815301076,1909f56bfc062723c751e8b465ee728b)  -> (artifact id: '6568735190e9cdb8e0e527f2a168cd2f') in 0.049752 seconds 
  Import took 0.053049 seconds .

========================================================================
Received Import Request.
  Time since last request: 0.000187 seconds.
  path: Assets/Resources/frontstump.png
  artifactKey: Guid(4e2bc8f7910bcf04c993ee61ee7e581a) Importer(815301076,1909f56bfc062723c751e8b465ee728b)
Start importing Assets/Resources/frontstump.png using Guid(4e2bc8f7910bcf04c993ee61ee7e581a) Importer(815301076,1909f56bfc062723c751e8b465ee728b)  -> (artifact id: '9df2e1c8bf988c56862a3df7ae1d5791') in 0.052280 seconds 
  Import took 0.055427 seconds .

========================================================================
Received Import Request.
  Time since last request: 0.000176 seconds.
  path: Assets/Resources/die.wav
  artifactKey: Guid(33ffad4df9dbbae4ca23af1669eb1296) Importer(815301076,1909f56bfc062723c751e8b465ee728b)
Start importing Assets/Resources/die.wav using Guid(33ffad4df9dbbae4ca23af1669eb1296) Importer(815301076,1909f56bfc062723c751e8b465ee728b)  -> (artifact id: '7d0d85bd2b2e8abf05cbe051b92bb986') in 0.050343 seconds 
  Import took 0.053417 seconds .

========================================================================
Received Import Request.
  Time since last request: 0.000175 seconds.
  path: Assets/Resources/metalfloor.png
  artifactKey: Guid(77eb793b70d5194438d44f2b35e93c19) Importer(815301076,1909f56bfc062723c751e8b465ee728b)
Start importing Assets/Resources/metalfloor.png using Guid(77eb793b70d5194438d44f2b35e93c19) Importer(815301076,1909f56bfc062723c751e8b465ee728b)  -> (artifact id: 'bf31f5642b0fe6cc24054b8b97052497') in 0.029524 seconds 
  Import took 0.032733 seconds .

========================================================================
Received Import Request.
  Time since last request: 0.000184 seconds.
  path: Assets/Resources/carolinareaper.png
  artifactKey: Guid(c98497c1954e9d1499500869f1911951) Importer(815301076,1909f56bfc062723c751e8b465ee728b)
Start importing Assets/Resources/carolinareaper.png using Guid(c98497c1954e9d1499500869f1911951) Importer(815301076,1909f56bfc062723c751e8b465ee728b)  -> (artifact id: '82e06551049cc4d533db812892902b1d') in 0.029954 seconds 
  Import took 0.033236 seconds .

========================================================================
Received Import Request.
  Time since last request: 0.000173 seconds.
  path: Assets/Resources/deathberries.asset
  artifactKey: Guid(38eedd8072324a447a1b22998e6bd304) Importer(815301076,1909f56bfc062723c751e8b465ee728b)
Start importing Assets/Resources/deathberries.asset using Guid(38eedd8072324a447a1b22998e6bd304) Importer(815301076,1909f56bfc062723c751e8b465ee728b)  -> (artifact id: '29b2375c662d5fb92b7929453e05b026') in 0.027597 seconds 
  Import took 0.030491 seconds .

========================================================================
Received Import Request.
  Time since last request: 0.000162 seconds.
  path: Assets/Resources/cutiescar.png
  artifactKey: Guid(d9243cb5600a04448b5a2b560fa0c47b) Importer(815301076,1909f56bfc062723c751e8b465ee728b)
Start importing Assets/Resources/cutiescar.png using Guid(d9243cb5600a04448b5a2b560fa0c47b) Importer(815301076,1909f56bfc062723c751e8b465ee728b)  -> (artifact id: 'c0942d11d73aaa3bff093767cc521863') in 0.033950 seconds 
  Import took 0.037057 seconds .

========================================================================
Received Import Request.
  Time since last request: 0.000181 seconds.
  path: Assets/Resources/happytalk.wav
  artifactKey: Guid(4727938e42be46342845dbe5483fb8ec) Importer(815301076,1909f56bfc062723c751e8b465ee728b)
Start importing Assets/Resources/happytalk.wav using Guid(4727938e42be46342845dbe5483fb8ec) Importer(815301076,1909f56bfc062723c751e8b465ee728b)  -> (artifact id: 'ae5c16ca99db69946353e7b23327a026') in 0.027402 seconds 
  Import took 0.030662 seconds .

========================================================================
Received Import Request.
  Time since last request: 0.000193 seconds.
  path: Assets/Resources/eye.png
  artifactKey: Guid(ab67dc096a81c95469959d8389c22a67) Importer(815301076,1909f56bfc062723c751e8b465ee728b)
Start importing Assets/Resources/eye.png using Guid(ab67dc096a81c95469959d8389c22a67) Importer(815301076,1909f56bfc062723c751e8b465ee728b)  -> (artifact id: 'c4894b73f0c02498c999dba558c13c29') in 0.055939 seconds 
  Import took 0.060004 seconds .

========================================================================
Received Import Request.
  Time since last request: 0.000162 seconds.
  path: Assets/Resources/previewtrough.png
  artifactKey: Guid(70d41762f7f900c48b65348c268f3e5d) Importer(815301076,1909f56bfc062723c751e8b465ee728b)
Start importing Assets/Resources/previewtrough.png using Guid(70d41762f7f900c48b65348c268f3e5d) Importer(815301076,1909f56bfc062723c751e8b465ee728b)  -> (artifact id: 'e7ada530424272c6edb77fe13cddb4fb') in 0.048412 seconds 
  Import took 0.051587 seconds .

========================================================================
Received Import Request.
  Time since last request: 0.000198 seconds.
  path: Assets/Resources/hats.png
  artifactKey: Guid(9e3bd8145ec511d46a267fb83d8330ba) Importer(815301076,1909f56bfc062723c751e8b465ee728b)
Start importing Assets/Resources/hats.png using Guid(9e3bd8145ec511d46a267fb83d8330ba) Importer(815301076,1909f56bfc062723c751e8b465ee728b)  -> (artifact id: 'bf62b9823faba7feeddcd6da3c86d334') in 0.051601 seconds 
  Import took 0.054984 seconds .

========================================================================
Received Import Request.
  Time since last request: 0.000169 seconds.
  path: Assets/Resources/mouse.png
  artifactKey: Guid(2e2fd8639b801a847b3b9ce9a4ac15df) Importer(815301076,1909f56bfc062723c751e8b465ee728b)
Start importing Assets/Resources/mouse.png using Guid(2e2fd8639b801a847b3b9ce9a4ac15df) Importer(815301076,1909f56bfc062723c751e8b465ee728b)  -> (artifact id: 'e07cae9f23f771079c0a24fb05d3c787') in 0.027237 seconds 
  Import took 0.030391 seconds .

========================================================================
Received Import Request.
  Time since last request: 0.000175 seconds.
  path: Assets/Resources/metalbars.png
  artifactKey: Guid(2ed1bd032c46adf4197c9b27b1a2ade9) Importer(815301076,1909f56bfc062723c751e8b465ee728b)
Start importing Assets/Resources/metalbars.png using Guid(2ed1bd032c46adf4197c9b27b1a2ade9) Importer(815301076,1909f56bfc062723c751e8b465ee728b)  -> (artifact id: '40871f56f0b7b49e3c89ceb7ca77cf13') in 0.032495 seconds 
  Import took 0.036570 seconds .

========================================================================
Received Import Request.
  Time since last request: 0.000177 seconds.
  path: Assets/Resources/erase.wav
  artifactKey: Guid(9c7e1ff34545ebf4fb56d1429630da8a) Importer(815301076,1909f56bfc062723c751e8b465ee728b)
Start importing Assets/Resources/erase.wav using Guid(9c7e1ff34545ebf4fb56d1429630da8a) Importer(815301076,1909f56bfc062723c751e8b465ee728b)  -> (artifact id: 'efedc26b6423cc5a53ea77da7d4bab3f') in 0.051018 seconds 
  Import took 0.054192 seconds .

========================================================================
Received Import Request.
  Time since last request: 0.000165 seconds.
  path: Assets/Resources/eyebrows.png
  artifactKey: Guid(37cdf6d39f093f543ac0bf14c65a928c) Importer(815301076,1909f56bfc062723c751e8b465ee728b)
Start importing Assets/Resources/eyebrows.png using Guid(37cdf6d39f093f543ac0bf14c65a928c) Importer(815301076,1909f56bfc062723c751e8b465ee728b)  -> (artifact id: '3274af0b89c960c961160c835ffaf810') in 0.057687 seconds 
  Import took 0.060984 seconds .

========================================================================
Received Import Request.
  Time since last request: 0.000157 seconds.
  path: Assets/Resources/ear.png
  artifactKey: Guid(45bebba6c00164245990e1fa4ef911bd) Importer(815301076,1909f56bfc062723c751e8b465ee728b)
Start importing Assets/Resources/ear.png using Guid(45bebba6c00164245990e1fa4ef911bd) Importer(815301076,1909f56bfc062723c751e8b465ee728b)  -> (artifact id: 'ea25b8ab69596280ad8f2eb598b88caf') in 0.030770 seconds 
  Import took 0.033816 seconds .

========================================================================
Received Import Request.
  Time since last request: 0.000185 seconds.
  path: Assets/Resources/horn.png
  artifactKey: Guid(745958f8108365d49bd3bd89993698f5) Importer(815301076,1909f56bfc062723c751e8b465ee728b)
Start importing Assets/Resources/horn.png using Guid(745958f8108365d49bd3bd89993698f5) Importer(815301076,1909f56bfc062723c751e8b465ee728b)  -> (artifact id: 'ba6451af97c2d29064d4f0b1b15ac2a8') in 0.031738 seconds 
  Import took 0.034774 seconds .

========================================================================
Received Import Request.
  Time since last request: 0.000176 seconds.
  path: Assets/Resources/oof.wav
  artifactKey: Guid(c45f20a30b7cd6e459238023b0e3962b) Importer(815301076,1909f56bfc062723c751e8b465ee728b)
Start importing Assets/Resources/oof.wav using Guid(c45f20a30b7cd6e459238023b0e3962b) Importer(815301076,1909f56bfc062723c751e8b465ee728b)  -> (artifact id: '1544e535d20c9d0595ecb5ebad44498d') in 0.049693 seconds 
  Import took 0.052637 seconds .

========================================================================
Received Import Request.
  Time since last request: 0.000151 seconds.
  path: Assets/Resources/rearleg.png
  artifactKey: Guid(4ef9b1207c006b64fa72b6dbba155997) Importer(815301076,1909f56bfc062723c751e8b465ee728b)
Start importing Assets/Resources/rearleg.png using Guid(4ef9b1207c006b64fa72b6dbba155997) Importer(815301076,1909f56bfc062723c751e8b465ee728b)  -> (artifact id: 'fd0c17306e65a706cfe47981f04ebfa7') in 0.032316 seconds 
  Import took 0.035371 seconds .

========================================================================
Received Import Request.
  Time since last request: 0.000182 seconds.
  path: Assets/Resources/hiteffect.png
  artifactKey: Guid(8299142356caa0b489f05c77e60c0f70) Importer(815301076,1909f56bfc062723c751e8b465ee728b)
Start importing Assets/Resources/hiteffect.png using Guid(8299142356caa0b489f05c77e60c0f70) Importer(815301076,1909f56bfc062723c751e8b465ee728b)  -> (artifact id: '89d0e360e2ebaa5de2a38a8451062fb0') in 0.048219 seconds 
  Import took 0.051836 seconds .

========================================================================
Received Import Request.
  Time since last request: 0.000195 seconds.
  path: Assets/Resources/hornstump.png
  artifactKey: Guid(9c24294bae35abc42932d69eec8006c6) Importer(815301076,1909f56bfc062723c751e8b465ee728b)
Start importing Assets/Resources/hornstump.png using Guid(9c24294bae35abc42932d69eec8006c6) Importer(815301076,1909f56bfc062723c751e8b465ee728b)  -> (artifact id: '0e0e7fe340a2d5ccc60909ca8189137a') in 0.051013 seconds 
  Import took 0.054730 seconds .

========================================================================
Received Import Request.
  Time since last request: 0.000165 seconds.
  path: Assets/Resources/pukesplatter.asset
  artifactKey: Guid(fcca17b742435a04aa5083ebc9dc53cf) Importer(815301076,1909f56bfc062723c751e8b465ee728b)
Start importing Assets/Resources/pukesplatter.asset using Guid(fcca17b742435a04aa5083ebc9dc53cf) Importer(815301076,1909f56bfc062723c751e8b465ee728b)  -> (artifact id: '25ecb225b139b8288a3cc51c9f18743d') in 0.028131 seconds 
  Import took 0.031853 seconds .

========================================================================
Received Import Request.
  Time since last request: 0.000175 seconds.
  path: Assets/Resources/oldmane.png
  artifactKey: Guid(13faf8a2e24b8fd439509b832f7337c9) Importer(815301076,1909f56bfc062723c751e8b465ee728b)
Start importing Assets/Resources/oldmane.png using Guid(13faf8a2e24b8fd439509b832f7337c9) Importer(815301076,1909f56bfc062723c751e8b465ee728b)  -> (artifact id: '161102065fe786aa66e793fd8f030816') in 0.035083 seconds 
  Import took 0.038318 seconds .

========================================================================
Received Import Request.
  Time since last request: 0.000190 seconds.
  path: Assets/Resources/deathflowers.asset
  artifactKey: Guid(ba747368ee3f31246a6dd78607c10db0) Importer(815301076,1909f56bfc062723c751e8b465ee728b)
Start importing Assets/Resources/deathflowers.asset using Guid(ba747368ee3f31246a6dd78607c10db0) Importer(815301076,1909f56bfc062723c751e8b465ee728b)  -> (artifact id: 'ce0d6c261d2b2c32fbbbbc0a8b9610bb') in 0.028686 seconds 
  Import took 0.032095 seconds .

========================================================================
Received Import Request.
  Time since last request: 33.207928 seconds.
  path: Assets/Resources/Fluffy.prefab
  artifactKey: Guid(aa75eef6998dc05408e84ee062e2e013) Importer(815301076,1909f56bfc062723c751e8b465ee728b)
Start importing Assets/Resources/Fluffy.prefab using Guid(aa75eef6998dc05408e84ee062e2e013) Importer(815301076,1909f56bfc062723c751e8b465ee728b)  -> (artifact id: 'aa1f11c8d9792907078f90462504895b') in 0.051196 seconds 
  Import took 0.055299 seconds .

========================================================================
Received Prepare
Registering precompiled user dll's ...
Registered in 0.003092 seconds.
Begin MonoManager ReloadAssembly
Native extension for WindowsStandalone target not found
Native extension for WebGL target not found
Refreshing native plugins compatible for Editor in 0.65 ms, found 2 plugins.
Preloading 0 native plugins for Editor in 0.00 ms.
Mono: successfully reloaded assembly
- Completed reload, in  1.019 seconds
Domain Reload Profiling:
	ReloadAssembly (1019ms)
		BeginReloadAssembly (114ms)
			ExecutionOrderSort (0ms)
			DisableScriptedObjects (5ms)
			BackupInstance (0ms)
			ReleaseScriptingObjects (0ms)
			CreateAndSetChildDomain (38ms)
		EndReloadAssembly (839ms)
			LoadAssemblies (96ms)
			RebuildTransferFunctionScriptingTraits (0ms)
			SetupTypeCache (271ms)
			ReleaseScriptCaches (1ms)
			RebuildScriptCaches (41ms)
			SetupLoadedEditorAssemblies (353ms)
				LogAssemblyErrors (0ms)
				InitializePlatformSupportModulesInManaged (5ms)
				SetLoadedEditorAssemblies (0ms)
				RefreshPlugins (1ms)
				BeforeProcessingInitializeOnLoad (85ms)
				ProcessInitializeOnLoadAttributes (214ms)
				ProcessInitializeOnLoadMethodAttributes (43ms)
				AfterProcessingInitializeOnLoad (5ms)
				EditorAssembliesLoaded (0ms)
			ExecutionOrderSort2 (0ms)
			AwakeInstancesAfterBackupRestoration (6ms)
Platform modules already initialized, skipping
Refreshing native plugins compatible for Editor in 0.65 ms, found 2 plugins.
Preloading 0 native plugins for Editor in 0.00 ms.
Unloading 2179 Unused Serialized files (Serialized files now loaded: 0)
System memory in use before: 90.0 MB.
System memory in use after: 90.1 MB.

Unloading 46 unused Assets to reduce memory usage. Loaded Objects now: 2639.
Total: 5.566000 ms (FindLiveObjects: 0.173100 ms CreateObjectMapping: 0.109500 ms MarkObjects: 5.246800 ms  DeleteObjects: 0.035500 ms)

AssetImportParameters requested are different than current active one (requested -> active):
  custom:framework-win-MediaFoundation: 216162199b28c13a410421893ffa2e32 -> 
  custom:video-decoder-ogg-theora: a1e56fd34408186e4bbccfd4996cb3dc -> 
  custom:container-muxer-webm: aa71ff27fc2769a1b78a27578f13a17b -> 
  custom:container-demuxer-webm: 4f35f7cbe854078d1ac9338744f61a02 -> 
  custom:container-demuxer-ogg: 62fdf1f143b41e24485cea50d1cbac27 -> 
  custom:video-encoder-webm-vp8: eb34c28f22e8b96e1ab97ce403110664 -> 
  custom:video-codec-MediaFoundation-h265: 746d11721c4dcdbdad8f713fa42b33f4 -> 
  custom:video-decoder-webm-vp8: 9c59270c3fd7afecdb556c50c9e8de78 -> 
  custom:audio-decoder-ogg-vorbis: bf7c407c2cedff20999df2af8eb42d56 -> 
  custom:audio-encoder-webm-vorbis: bf7c407c2cedff20999df2af8eb42d56 -> 
========================================================================
Received Prepare
Registering precompiled user dll's ...
Registered in 0.003113 seconds.
Begin MonoManager ReloadAssembly
Native extension for WindowsStandalone target not found
Native extension for WebGL target not found
Refreshing native plugins compatible for Editor in 0.81 ms, found 2 plugins.
Preloading 0 native plugins for Editor in 0.00 ms.
Mono: successfully reloaded assembly
- Completed reload, in  0.930 seconds
Domain Reload Profiling:
	ReloadAssembly (930ms)
		BeginReloadAssembly (100ms)
			ExecutionOrderSort (0ms)
			DisableScriptedObjects (6ms)
			BackupInstance (0ms)
			ReleaseScriptingObjects (0ms)
			CreateAndSetChildDomain (30ms)
		EndReloadAssembly (776ms)
			LoadAssemblies (84ms)
			RebuildTransferFunctionScriptingTraits (0ms)
			SetupTypeCache (238ms)
			ReleaseScriptCaches (1ms)
			RebuildScriptCaches (42ms)
			SetupLoadedEditorAssemblies (327ms)
				LogAssemblyErrors (0ms)
				InitializePlatformSupportModulesInManaged (5ms)
				SetLoadedEditorAssemblies (1ms)
				RefreshPlugins (1ms)
				BeforeProcessingInitializeOnLoad (86ms)
				ProcessInitializeOnLoadAttributes (193ms)
				ProcessInitializeOnLoadMethodAttributes (36ms)
				AfterProcessingInitializeOnLoad (5ms)
				EditorAssembliesLoaded (0ms)
			ExecutionOrderSort2 (0ms)
			AwakeInstancesAfterBackupRestoration (7ms)
Platform modules already initialized, skipping
Refreshing native plugins compatible for Editor in 0.64 ms, found 2 plugins.
Preloading 0 native plugins for Editor in 0.00 ms.
Unloading 2179 Unused Serialized files (Serialized files now loaded: 0)
System memory in use before: 90.0 MB.
System memory in use after: 90.2 MB.

Unloading 46 unused Assets to reduce memory usage. Loaded Objects now: 2641.
Total: 5.409000 ms (FindLiveObjects: 0.160900 ms CreateObjectMapping: 0.105600 ms MarkObjects: 5.110400 ms  DeleteObjects: 0.031200 ms)

AssetImportParameters requested are different than current active one (requested -> active):
  custom:framework-win-MediaFoundation: 216162199b28c13a410421893ffa2e32 -> 
  custom:video-decoder-ogg-theora: a1e56fd34408186e4bbccfd4996cb3dc -> 
  custom:container-muxer-webm: aa71ff27fc2769a1b78a27578f13a17b -> 
  custom:container-demuxer-webm: 4f35f7cbe854078d1ac9338744f61a02 -> 
  custom:container-demuxer-ogg: 62fdf1f143b41e24485cea50d1cbac27 -> 
  custom:video-encoder-webm-vp8: eb34c28f22e8b96e1ab97ce403110664 -> 
  custom:video-codec-MediaFoundation-h265: 746d11721c4dcdbdad8f713fa42b33f4 -> 
  custom:video-decoder-webm-vp8: 9c59270c3fd7afecdb556c50c9e8de78 -> 
  custom:audio-decoder-ogg-vorbis: bf7c407c2cedff20999df2af8eb42d56 -> 
  custom:audio-encoder-webm-vorbis: bf7c407c2cedff20999df2af8eb42d56 -> 
========================================================================
Received Import Request.
  Time since last request: 94.255674 seconds.
  path: Assets/Resources/Items/Food/clippings.png
  artifactKey: Guid(b7818566be153bb44bf563d7eecb0cb1) Importer(815301076,1909f56bfc062723c751e8b465ee728b)
Start importing Assets/Resources/Items/Food/clippings.png using Guid(b7818566be153bb44bf563d7eecb0cb1) Importer(815301076,1909f56bfc062723c751e8b465ee728b)  -> (artifact id: 'd37ba2775cb94e055d48610f70ae9d29') in 0.089012 seconds 
  Import took 0.092333 seconds .

========================================================================
Received Import Request.
  Time since last request: 0.000186 seconds.
  path: Assets/Resources/Items/Food/drugs.png
  artifactKey: Guid(008e07c1ab829c14fad7c7325618dd0d) Importer(815301076,1909f56bfc062723c751e8b465ee728b)
Start importing Assets/Resources/Items/Food/drugs.png using Guid(008e07c1ab829c14fad7c7325618dd0d) Importer(815301076,1909f56bfc062723c751e8b465ee728b)  -> (artifact id: '3ae4fb85bb24085d8da607dc79b05e45') in 0.048867 seconds 
  Import took 0.052509 seconds .

========================================================================
Received Import Request.
  Time since last request: 0.000209 seconds.
  path: Assets/Resources/Machine Tiles/door.png
  artifactKey: Guid(3c8f5d6e23dcffa419877871328c5ad6) Importer(815301076,1909f56bfc062723c751e8b465ee728b)
Start importing Assets/Resources/Machine Tiles/door.png using Guid(3c8f5d6e23dcffa419877871328c5ad6) Importer(815301076,1909f56bfc062723c751e8b465ee728b)  -> (artifact id: '2d3af373a68521fda042e2a48595dcbd') in 0.035530 seconds 
  Import took 0.038620 seconds .

========================================================================
Received Import Request.
  Time since last request: 2.563689 seconds.
  path: Assets/Resources/Items/Food/cannibalcide.png
  artifactKey: Guid(169e2f8a04639e24188cb57310a14af5) Importer(815301076,1909f56bfc062723c751e8b465ee728b)
Start importing Assets/Resources/Items/Food/cannibalcide.png using Guid(169e2f8a04639e24188cb57310a14af5) Importer(815301076,1909f56bfc062723c751e8b465ee728b)  -> (artifact id: '38490bd12432f94bac83825caeab9a1c') in 0.054276 seconds 
  Import took 0.057919 seconds .

========================================================================
Received Import Request.
  Time since last request: 0.000173 seconds.
  path: Assets/Resources/Machine Tiles/button.png
  artifactKey: Guid(427b337b0ee70f54c836dfabbcc9138c) Importer(815301076,1909f56bfc062723c751e8b465ee728b)
Start importing Assets/Resources/Machine Tiles/button.png using Guid(427b337b0ee70f54c836dfabbcc9138c) Importer(815301076,1909f56bfc062723c751e8b465ee728b)  -> (artifact id: 'be6244d8b0f3a6b3761c63b9155b425c') in 0.037644 seconds 
  Import took 0.040810 seconds .

========================================================================
Received Import Request.
  Time since last request: 0.000170 seconds.
  path: Assets/Resources/Items/Food/berries.png
  artifactKey: Guid(7649cd924d211b14bbb7b57685905097) Importer(815301076,1909f56bfc062723c751e8b465ee728b)
Start importing Assets/Resources/Items/Food/berries.png using Guid(7649cd924d211b14bbb7b57685905097) Importer(815301076,1909f56bfc062723c751e8b465ee728b)  -> (artifact id: 'cc359af58dc27a7ef60f57f2c1b92a36') in 0.061021 seconds 
  Import took 0.064231 seconds .

========================================================================
Received Import Request.
  Time since last request: 0.000252 seconds.
  path: Assets/Resources/breast.png
  artifactKey: Guid(2a4ffd1856a1ba244927792a683a57ae) Importer(815301076,1909f56bfc062723c751e8b465ee728b)
Start importing Assets/Resources/breast.png using Guid(2a4ffd1856a1ba244927792a683a57ae) Importer(815301076,1909f56bfc062723c751e8b465ee728b)  -> (artifact id: '86e76747f311b8b699e7908a00abf8a1') in 0.031422 seconds 
  Import took 0.034992 seconds .

========================================================================
Received Import Request.
  Time since last request: 0.000188 seconds.
  path: Assets/Resources/balls.png
  artifactKey: Guid(fb9a6115c696eb44087669da9d3c6a56) Importer(815301076,1909f56bfc062723c751e8b465ee728b)
Start importing Assets/Resources/balls.png using Guid(fb9a6115c696eb44087669da9d3c6a56) Importer(815301076,1909f56bfc062723c751e8b465ee728b)  -> (artifact id: '723ab67d373f6509b74f5108546831a2') in 0.059619 seconds 
  Import took 0.062692 seconds .

========================================================================
Received Import Request.
  Time since last request: 0.000258 seconds.
  path: Assets/Resources/bowls.png
  artifactKey: Guid(6081680e5a06f2e48a7b5b4c0ac9716d) Importer(815301076,1909f56bfc062723c751e8b465ee728b)
Start importing Assets/Resources/bowls.png using Guid(6081680e5a06f2e48a7b5b4c0ac9716d) Importer(815301076,1909f56bfc062723c751e8b465ee728b)  -> (artifact id: '59adac863a948e8b690e44b98a003695') in 0.047572 seconds 
  Import took 0.051071 seconds .

========================================================================
Received Import Request.
  Time since last request: 0.000192 seconds.
  path: Assets/Particles/bloodparticle.png
  artifactKey: Guid(3a80432c71d849842af790273c0702ce) Importer(815301076,1909f56bfc062723c751e8b465ee728b)
Start importing Assets/Particles/bloodparticle.png using Guid(3a80432c71d849842af790273c0702ce) Importer(815301076,1909f56bfc062723c751e8b465ee728b)  -> (artifact id: 'c818548babf52cee940c1b92bf415d53') in 0.030276 seconds 
  Import took 0.033731 seconds .

========================================================================
Received Import Request.
  Time since last request: 0.000205 seconds.
  path: Assets/Resources/Items/Food/booze.png
  artifactKey: Guid(7b037de714a26c448bd7d54d138624d5) Importer(815301076,1909f56bfc062723c751e8b465ee728b)
Start importing Assets/Resources/Items/Food/booze.png using Guid(7b037de714a26c448bd7d54d138624d5) Importer(815301076,1909f56bfc062723c751e8b465ee728b)  -> (artifact id: 'af5e2557e6e318f657e196e48bece058') in 0.052111 seconds 
  Import took 0.055439 seconds .

========================================================================
Received Import Request.
  Time since last request: 0.000159 seconds.
  path: Assets/Resources/belly.png
  artifactKey: Guid(a54086a29499aa44293a8477163164a9) Importer(815301076,1909f56bfc062723c751e8b465ee728b)
Start importing Assets/Resources/belly.png using Guid(a54086a29499aa44293a8477163164a9) Importer(815301076,1909f56bfc062723c751e8b465ee728b)  -> (artifact id: 'ead16a3ba787162fe69e8755061d258a') in 0.032364 seconds 
  Import took 0.035121 seconds .

========================================================================
Received Import Request.
  Time since last request: 13.962237 seconds.
  path: Assets/Resources/Fluffy.prefab
  artifactKey: Guid(aa75eef6998dc05408e84ee062e2e013) Importer(815301076,1909f56bfc062723c751e8b465ee728b)
Start importing Assets/Resources/Fluffy.prefab using Guid(aa75eef6998dc05408e84ee062e2e013) Importer(815301076,1909f56bfc062723c751e8b465ee728b)  -> (artifact id: 'f92f69b9980a8130fe838021df1c7091') in 0.064700 seconds 
  Import took 0.070010 seconds .

========================================================================
Received Prepare
Registering precompiled user dll's ...
Registered in 0.003405 seconds.
Begin MonoManager ReloadAssembly
Native extension for WindowsStandalone target not found
Native extension for WebGL target not found
Refreshing native plugins compatible for Editor in 0.63 ms, found 2 plugins.
Preloading 0 native plugins for Editor in 0.00 ms.
Mono: successfully reloaded assembly
- Completed reload, in  0.924 seconds
Domain Reload Profiling:
	ReloadAssembly (924ms)
		BeginReloadAssembly (102ms)
			ExecutionOrderSort (0ms)
			DisableScriptedObjects (5ms)
			BackupInstance (0ms)
			ReleaseScriptingObjects (0ms)
			CreateAndSetChildDomain (30ms)
		EndReloadAssembly (770ms)
			LoadAssemblies (86ms)
			RebuildTransferFunctionScriptingTraits (0ms)
			SetupTypeCache (235ms)
			ReleaseScriptCaches (1ms)
			RebuildScriptCaches (43ms)
			SetupLoadedEditorAssemblies (320ms)
				LogAssemblyErrors (0ms)
				InitializePlatformSupportModulesInManaged (4ms)
				SetLoadedEditorAssemblies (0ms)
				RefreshPlugins (1ms)
				BeforeProcessingInitializeOnLoad (82ms)
				ProcessInitializeOnLoadAttributes (194ms)
				ProcessInitializeOnLoadMethodAttributes (35ms)
				AfterProcessingInitializeOnLoad (4ms)
				EditorAssembliesLoaded (0ms)
			ExecutionOrderSort2 (0ms)
			AwakeInstancesAfterBackupRestoration (6ms)
Platform modules already initialized, skipping
Refreshing native plugins compatible for Editor in 0.62 ms, found 2 plugins.
Preloading 0 native plugins for Editor in 0.00 ms.
Unloading 2179 Unused Serialized files (Serialized files now loaded: 0)
System memory in use before: 90.1 MB.
System memory in use after: 90.2 MB.

Unloading 46 unused Assets to reduce memory usage. Loaded Objects now: 2654.
Total: 5.379600 ms (FindLiveObjects: 0.184600 ms CreateObjectMapping: 0.101400 ms MarkObjects: 5.062300 ms  DeleteObjects: 0.030200 ms)

AssetImportParameters requested are different than current active one (requested -> active):
  custom:framework-win-MediaFoundation: 216162199b28c13a410421893ffa2e32 -> 
  custom:video-decoder-ogg-theora: a1e56fd34408186e4bbccfd4996cb3dc -> 
  custom:container-muxer-webm: aa71ff27fc2769a1b78a27578f13a17b -> 
  custom:container-demuxer-webm: 4f35f7cbe854078d1ac9338744f61a02 -> 
  custom:container-demuxer-ogg: 62fdf1f143b41e24485cea50d1cbac27 -> 
  custom:video-encoder-webm-vp8: eb34c28f22e8b96e1ab97ce403110664 -> 
  custom:video-codec-MediaFoundation-h265: 746d11721c4dcdbdad8f713fa42b33f4 -> 
  custom:video-decoder-webm-vp8: 9c59270c3fd7afecdb556c50c9e8de78 -> 
  custom:audio-decoder-ogg-vorbis: bf7c407c2cedff20999df2af8eb42d56 -> 
  custom:audio-encoder-webm-vorbis: bf7c407c2cedff20999df2af8eb42d56 -> 
AssetImportWorkerClient::OnTransportError - code=2 error=End of file
